{
  "stats": {
    "suites": 1,
    "tests": 1,
    "passes": 1,
    "pending": 0,
    "failures": 0,
    "start": "2023-07-21T13:08:22.066Z",
    "end": "2023-07-21T13:11:00.594Z",
    "duration": 158528,
    "testsRegistered": 1,
    "passPercent": 100,
    "pendingPercent": 0,
    "other": 0,
    "hasOther": false,
    "skipped": 0,
    "hasSkipped": false
  },
  "results": [
    {
      "uuid": "192cf3e6-de01-4b2b-a8e4-fd21b7d945d8",
      "title": "",
      "fullFile": "cypress\\integration\\testcases\\Scenario2_Test.spec.js",
      "file": "cypress\\integration\\testcases\\Scenario2_Test.spec.js",
      "beforeHooks": [],
      "afterHooks": [],
      "tests": [],
      "suites": [
        {
          "uuid": "21c8f8e7-bf96-44d9-9254-238abc4a60ff",
          "title": "Testing the Scenario 2 ",
          "fullFile": "",
          "file": "",
          "beforeHooks": [],
          "afterHooks": [],
          "tests": [
            {
              "title": "Testing Scenario 2",
              "fullTitle": "Testing the Scenario 2  Testing Scenario 2",
              "timedOut": null,
              "duration": 146139,
              "state": "passed",
              "speed": "slow",
              "pass": true,
              "fail": false,
              "pending": false,
              "context": null,
              "code": "cy.wait(4000);\nallure.feature(\"Testing Scenario 2\");\nsce_2.clickcategorytile();\ncy.wait(10000);\ncy.contains('Vind een top 10').should('be.visible');\ncy.scrollTo(0, 700);\nsce_2.clickfirstresult();\ncy.wait(7000);\ncy.contains('Waar zoek je een schilder?').should('be.visible');\nsce_2.enterplace();\ncy.wait(5000);\ncy.get('body').click();\nsce_2.clickverder();\ncy.wait(6000);\nsce_2.clickresultelement();\ncy.wait(10000);\nsce_2.clickverderBtn();\ncy.wait(10000);\nsce_2.clickminderdan();\ncy.wait(5000);\ncy.contains('Hoe oud is de woning?').should('be.visible');\nsce_2.clickouderdan();\ncy.wait(6000);\nsce_2.clickwanneerBtn();\ncy.wait(6000);\nsce_2.clickwanneerBtn();\ncy.wait(5000);\nsce_2.clickfotosnee();\ncy.wait(6000);\nsce_2.enterAdditionalInfo();\ncy.wait(6000);\nsce_2.clickverderBtn();\ncy.wait(6000);\nsce_2.enteremailfield();\ncy.wait(6000);\nsce_2.clickverderBtn();\ncy.wait(6000);\nsce_2.enternamefield();\nsce_2.clickverderBtn();\ncy.wait(6000);\nsce_2.entertelefoonfield();\ncy.wait(2000);\nsce_2.clickverderBtn();\ncy.wait(6000);\ncy.contains('Je aanvraag is verstuurd!').should('be.visible');\nsce_2.clickverderBtn();\ncy.wait(3000);",
              "err": {},
              "uuid": "a09e2136-44b9-4bdb-af59-23b84d0b3c88",
              "parentUUID": "21c8f8e7-bf96-44d9-9254-238abc4a60ff",
              "isHook": false,
              "skipped": false
            }
          ],
          "suites": [],
          "passes": [
            "a09e2136-44b9-4bdb-af59-23b84d0b3c88"
          ],
          "failures": [],
          "pending": [],
          "skipped": [],
          "duration": 146139,
          "root": false,
          "rootEmpty": false,
          "_timeout": 2000
        }
      ],
      "passes": [],
      "failures": [],
      "pending": [],
      "skipped": [],
      "duration": 0,
      "root": true,
      "rootEmpty": true,
      "_timeout": 2000
    }
  ],
  "meta": {
    "mocha": {
      "version": "7.0.1"
    },
    "mochawesome": {
      "options": {
        "quiet": false,
        "reportFilename": "testresults",
        "saveHtml": true,
        "saveJson": true,
        "consoleReporter": "spec",
        "useInlineDiffs": false,
        "code": true
      },
      "version": "6.3.1"
    },
    "marge": {
      "options": {
        "reportDir": "cypress/reports",
        "reporter": "mocha-allure-reporter",
        "reportFilename": "testresults",
        "overwrite": false,
        "html": true,
        "json": true,
        "charts": true
      },
      "version": "5.2.0"
    }
  }
}