{
  "stats": {
    "suites": 1,
    "tests": 1,
    "passes": 0,
    "pending": 0,
    "failures": 1,
    "start": "2023-07-19T15:12:42.652Z",
    "end": "2023-07-19T15:13:25.060Z",
    "duration": 42408,
    "testsRegistered": 1,
    "passPercent": 0,
    "pendingPercent": 0,
    "other": 0,
    "hasOther": false,
    "skipped": 0,
    "hasSkipped": false
  },
  "results": [
    {
      "uuid": "2f91f74d-9c4b-44f3-88fe-3ca4793065e7",
      "title": "",
      "fullFile": "cypress\\integration\\testcases\\HomePageTest.spec.js",
      "file": "cypress\\integration\\testcases\\HomePageTest.spec.js",
      "beforeHooks": [],
      "afterHooks": [],
      "tests": [],
      "suites": [
        {
          "uuid": "a1d504fe-e9c1-47ae-ba7c-67dd2567439c",
          "title": "Scenario1 ",
          "fullFile": "",
          "file": "",
          "beforeHooks": [],
          "afterHooks": [],
          "tests": [
            {
              "title": "Testing Scenario 1",
              "fullTitle": "Scenario1  Testing Scenario 1",
              "timedOut": null,
              "duration": 42395,
              "state": "failed",
              "speed": null,
              "pass": false,
              "fail": true,
              "pending": false,
              "context": null,
              "code": "allure.feature(\"Completing the request process using the Service name and the location name from the home page\");\nallure.description(\"Entering service name\");\ncy.log('Entering service name');\ncy.wait(3000);\nfirstPage.enterdienstvalue();\ncy.wait(10000);\ncy.get('body').click();\ncy.wait(4000);\nallure.description(\"Entering Location name\");\ncy.log(\"Entering Location name\");\nfirstPage.enterlocatievalue();\ncy.wait(10000);\ncy.get('body').click();\ncy.wait(4000);\nallure.description(\"Clicking search button\");\ncy.log(\"Clicking search button\");\nfirstPage.clickzoekenbtn();\ncy.wait(3000); //cy.visit(\"http://localhost:3000/noord-brabant/tilburg/loodgieter\")\ncy.contains('Vind een top 10 Loodgieter in Tilburg').should('be.visible');\ncy.scrollTo(0, 500);\ncy.log(\"Clicking the first result\");\nfirstPage.clickFirstResult();\ncy.wait(3000);\nfirstPage.clickwaterledingBtn();\ncy.wait(5000);\nfirstPage.clickReparenBtn();\ncy.wait(7000);\nfirstPage.clickDurationBtn();\ncy.wait(7000);\nfirstPage.clickComparePrice();\ncy.wait(7000);\nfirstPage.clickNextQuestionBtn();\ncy.wait(7000);\ncy.log(\"Entering Additional information field\");\nfirstPage.EnterAdditionalInfoField();\ncy.wait(4000);\nfirstPage.clickNextQuestionBtn();\ncy.wait(4000);\ncy.log(\"Enter Email\");\nfirstPage.EnterEmail();\ncy.wait(4000);\nfirstPage.clickFurtherBtn();\ncy.wait(4000);\ncy.log(\"Enter the Name\");\nfirstPage.EnterNameField();\ncy.wait(4000);\nfirstPage.clickFurtherBtn();\ncy.wait(4000);\ncy.log(\"Enter the telephone number\");\nfirstPage.EnterTelephoneField();\ncy.wait(4000);\nfirstPage.clickFurtherBtn();\ncy.wait(4000);\ncy.contains('Je aanvraag is verstuurd!').should('be.visible');",
              "err": {
                "message": "CypressError: `cy.visit()` failed trying to load:\n\nhttp://trustoo.nl:3000/\n\nWe attempted to make an http request to this URL but the request failed without a response.\n\nWe received this error at the network level:\n\n  > Error: connect ETIMEDOUT 13.225.78.20:3000\n\nCommon situations why this would fail:\n  - you don't have internet access\n  - you forgot to run / boot your web server\n  - your web server isn't accessible\n  - you have weird network configuration settings on your computer\n\nBecause this error occurred during a `before each` hook we are skipping the remaining tests in the current suite: `Scenario1 `",
                "estack": "CypressError: `cy.visit()` failed trying to load:\n\nhttp://trustoo.nl:3000/\n\nWe attempted to make an http request to this URL but the request failed without a response.\n\nWe received this error at the network level:\n\n  > Error: connect ETIMEDOUT 13.225.78.20:3000\n\nCommon situations why this would fail:\n  - you don't have internet access\n  - you forgot to run / boot your web server\n  - your web server isn't accessible\n  - you have weird network configuration settings on your computer\n\nBecause this error occurred during a `before each` hook we are skipping the remaining tests in the current suite: `Scenario1 `\n    at http://localhost:58348/__cypress/runner/cypress_runner.js:157807:23\n    at visitFailedByErr (http://localhost:58348/__cypress/runner/cypress_runner.js:157162:12)\n    at http://localhost:58348/__cypress/runner/cypress_runner.js:157806:11\n    at tryCatcher (http://localhost:58348/__cypress/runner/cypress_runner.js:10325:23)\n    at Promise._settlePromiseFromHandler (http://localhost:58348/__cypress/runner/cypress_runner.js:8260:31)\n    at Promise._settlePromise (http://localhost:58348/__cypress/runner/cypress_runner.js:8317:18)\n    at Promise._settlePromise0 (http://localhost:58348/__cypress/runner/cypress_runner.js:8362:10)\n    at Promise._settlePromises (http://localhost:58348/__cypress/runner/cypress_runner.js:8438:18)\n    at _drainQueueStep (http://localhost:58348/__cypress/runner/cypress_runner.js:5032:12)\n    at _drainQueue (http://localhost:58348/__cypress/runner/cypress_runner.js:5025:9)\n    at ../../node_modules/bluebird/js/release/async.js.Async._drainQueues (http://localhost:58348/__cypress/runner/cypress_runner.js:5041:5)\n    at Async.drainQueues (http://localhost:58348/__cypress/runner/cypress_runner.js:4911:14)\n\nFrom Node.js Internals:\n  Error: connect ETIMEDOUT 13.225.78.20:3000\n      at TCPConnectWrap.afterConnect [as oncomplete] (net.js:1141:16)\n  ",
                "diff": null
              },
              "uuid": "ed5b1948-7979-4899-a04a-8220754ad937",
              "parentUUID": "a1d504fe-e9c1-47ae-ba7c-67dd2567439c",
              "isHook": false,
              "skipped": false
            }
          ],
          "suites": [],
          "passes": [],
          "failures": [
            "ed5b1948-7979-4899-a04a-8220754ad937"
          ],
          "pending": [],
          "skipped": [],
          "duration": 42395,
          "root": false,
          "rootEmpty": false,
          "_timeout": 2000
        }
      ],
      "passes": [],
      "failures": [],
      "pending": [],
      "skipped": [],
      "duration": 0,
      "root": true,
      "rootEmpty": true,
      "_timeout": 2000
    }
  ],
  "meta": {
    "mocha": {
      "version": "7.0.1"
    },
    "mochawesome": {
      "options": {
        "quiet": false,
        "reportFilename": "testresults",
        "saveHtml": true,
        "saveJson": true,
        "consoleReporter": "spec",
        "useInlineDiffs": false,
        "code": true
      },
      "version": "6.3.1"
    },
    "marge": {
      "options": {
        "reportDir": "cypress/reports",
        "reporter": "mocha-allure-reporter",
        "reportFilename": "testresults",
        "overwrite": false,
        "html": true,
        "json": true,
        "charts": true
      },
      "version": "5.2.0"
    }
  }
}